#
# A fatal error has been detected by the Java Runtime Environment:
#
#  SIGSEGV (0xb) at pc=0x0000000101779298, pid=12251, tid=15107
#
# JRE version: 7.0_21-b12
# Java VM: Java HotSpot(TM) 64-Bit Server VM (23.21-b01 mixed mode bsd-amd64 compressed oops)
# Problematic frame:
# V  [libjvm.dylib+0x2cc298]
#
# Failed to write core dump. Core dumps have been disabled. To enable core dumping, try "ulimit -c unlimited" before starting Java again
#
# If you would like to submit a bug report, please visit:
#   http://bugreport.sun.com/bugreport/crash.jsp
#

---------------  T H R E A D  ---------------

Current thread (0x00007fd3a302c000):  JavaThread "JDWP Transport Listener: dt_socket" daemon [_thread_in_vm, id=15107, stack(0x000000010639b000,0x000000010649b000)]

siginfo:si_signo=SIGSEGV: si_errno=0, si_code=1 (SEGV_MAPERR), si_addr=0x00007fd300000004

Registers:
RAX=0x0000000000000001, RBX=0x000000010649aacb, RCX=0x00000000000fc080, RDX=0x000000010649aacb
RSP=0x000000010649aa30, RBP=0x000000010649aa80, RSI=0x00007fd3a302c000, RDI=0x00007fd3a1e0d420
R8 =0x00007fd3a1f0bf40, R9 =0x00007fd3a1f17710, R10=0x000000006c378ba7, R11=0x00000000e78a2483
R12=0x00007fd3a302c000, R13=0x00007fd300000004, R14=0x00007fd300000004, R15=0x00007fd3a1e0d420
RIP=0x0000000101779298, EFLAGS=0x0000000000010202, ERR=0x0000000000000004
  TRAPNO=0x000000000000000e

Top of Stack: (sp=0x000000010649aa30)
0x000000010649aa30:   00007fd3a302c000 0000000000000000
0x000000010649aa40:   0000000000000000 0000000000000000
0x000000010649aa50:   00007fd3a302c000 00007fd3a302c000
0x000000010649aa60:   000000010649aacb 000000010649aad0
0x000000010649aa70:   00007fd300000004 0000000000000002
0x000000010649aa80:   000000010649aaa0 00000001020b7280
0x000000010649aa90:   0000000000000001 000000010649ab48
0x000000010649aaa0:   000000010649ab10 000000010209c15b
0x000000010649aab0:   000000010649aae0 00007fd3a1f14570
0x000000010649aac0:   0000000800000032 000000080049ab48
0x000000010649aad0:   0000000000000000 0000000000000000
0x000000010649aae0:   0000000000000000 000000010649acd0
0x000000010649aaf0:   00000001020beda4 00007fd3a1f0bf00
0x000000010649ab00:   000000010649ab48 00000001020ca568
0x000000010649ab10:   000000010649ab20 000000010209c254
0x000000010649ab20:   000000010649ad40 00000001020a575e
0x000000010649ab30:   0000121100000013 00000000000f0200
0x000000010649ab40:   00007fd3a1f1abc0 000000010649abf1
0x000000010649ab50:   00007fd3000000d3 000000010649ab60
0x000000010649ab60:   00007fd300000059 000000010649ab98
0x000000010649ab70:   0000000000000000 0000000000000000
0x000000010649ab80:   000012110000001d 00007fff0000ae80
0x000000010649ab90:   000000010649ab98 d37f000008000000
0x000000010649aba0:   04000000006de1a1 160000006e69616d
0x000000010649abb0:   2f6176616a4c5b28 7274532f676e616c
0x000000010649abc0:   000056293b676e69 0000090000000000
0x000000010649abd0:   0000682ee1a1d37f 696e696c633c0800
0x000000010649abe0:   2928030000003e74 0000000000000056
0x000000010649abf0:   000000006f000008 700000002c000000
0x000000010649ac00:   2f00000000000000 0000000071000000
0x000000010649ac10:   7000000042000000 4c00000000000000
0x000000010649ac20:   0000000073000000 6d00000060000000 

Instructions: (pc=0x0000000101779298)
0x0000000101779278:   00 00 00 41 f6 87 68 01 00 00 10 75 07 b8 63 00
0x0000000101779288:   00 00 eb 7a 4d 85 f6 75 07 b8 17 00 00 00 eb 6e
0x0000000101779298:   4d 8b 36 48 b8 fe fe fe fe fe fe fe fe 49 39 c6
0x00000001017792a8:   74 e7 4d 85 f6 74 e2 48 8d 05 ba 37 46 00 80 38 

Register to memory mapping:

RAX=0x0000000000000001 is an unknown value
RBX=0x000000010649aacb is pointing into the stack for thread: 0x00007fd3a302c000
RCX=0x00000000000fc080 is an unknown value
RDX=0x000000010649aacb is pointing into the stack for thread: 0x00007fd3a302c000
RSP=0x000000010649aa30 is pointing into the stack for thread: 0x00007fd3a302c000
RBP=0x000000010649aa80 is pointing into the stack for thread: 0x00007fd3a302c000
RSI=0x00007fd3a302c000 is a thread
RDI=0x00007fd3a1e0d420 is an unknown value
R8 =0x00007fd3a1f0bf40 is an unknown value
R9 =0x00007fd3a1f17710 is an unknown value
R10=0x000000006c378ba7 is an unknown value
R11=0x00000000e78a2483 is an unknown value
R12=0x00007fd3a302c000 is a thread
R13=0x00007fd300000004 is an unknown value
R14=0x00007fd300000004 is an unknown value
R15=0x00007fd3a1e0d420 is an unknown value


Stack: [0x000000010639b000,0x000000010649b000],  sp=0x000000010649aa30,  free space=1022k
Native frames: (J=compiled Java code, j=interpreted, Vv=VM code, C=native code)
V  [libjvm.dylib+0x2cc298]
C  [libjdwp.dylib+0x20280]  isMethodSynthetic+0x63
C  [libjdwp.dylib+0x515b]  methods1+0x10b
C  [libjdwp.dylib+0x5254]  methodsWithGeneric+0xe
C  [libjdwp.dylib+0xe75e]  debugLoop_run+0x1ce
C  [libjdwp.dylib+0x1f1ba]  attachThread+0x4d
V  [libjvm.dylib+0x30bc02]
V  [libjvm.dylib+0x479af4]
V  [libjvm.dylib+0x47afda]
V  [libjvm.dylib+0x3b688d]
C  [libsystem_pthread.dylib+0x1899]  _pthread_body+0x8a
C  [libsystem_pthread.dylib+0x172a]  _pthread_struct_init+0x0
C  [libsystem_pthread.dylib+0x5fc9]  thread_start+0xd


---------------  P R O C E S S  ---------------

Java Threads: ( => current thread )
  0x00007fd3a204b000 JavaThread "Service Thread" daemon [_thread_blocked, id=16387, stack(0x00000001068aa000,0x00000001069aa000)]
  0x00007fd3a3032000 JavaThread "C2 CompilerThread1" daemon [_thread_blocked, id=16131, stack(0x00000001067a7000,0x00000001068a7000)]
  0x00007fd3a2812000 JavaThread "C2 CompilerThread0" daemon [_thread_blocked, id=15875, stack(0x00000001066a4000,0x00000001067a4000)]
  0x00007fd3a3803000 JavaThread "JDWP Command Reader" daemon [_thread_in_native, id=15619, stack(0x00000001065a1000,0x00000001066a1000)]
  0x00007fd3a3802800 JavaThread "JDWP Event Helper Thread" daemon [_thread_blocked, id=15363, stack(0x000000010649e000,0x000000010659e000)]
=>0x00007fd3a302c000 JavaThread "JDWP Transport Listener: dt_socket" daemon [_thread_in_vm, id=15107, stack(0x000000010639b000,0x000000010649b000)]
  0x00007fd3a203c000 JavaThread "Signal Dispatcher" daemon [_thread_blocked, id=14851, stack(0x0000000106292000,0x0000000106392000)]
  0x00007fd3a3022000 JavaThread "Finalizer" daemon [_thread_blocked, id=9731, stack(0x0000000105fd3000,0x00000001060d3000)]
  0x00007fd3a3021000 JavaThread "Reference Handler" daemon [_thread_blocked, id=9475, stack(0x0000000105ed0000,0x0000000105fd0000)]
  0x00007fd3a2009000 JavaThread "main" [_thread_blocked, id=4355, stack(0x0000000101f57000,0x0000000102057000)]

Other Threads:
  0x00007fd3a301e800 VMThread [stack: 0x0000000105dcd000,0x0000000105ecd000] [id=9219]
  0x00007fd3a2058000 WatcherThread [stack: 0x00000001069ad000,0x0000000106aad000] [id=16643]

VM state:not at safepoint (normal execution)

VM Mutex/Monitor currently owned by a thread: None

Heap
 def new generation   total 6592K, used 1149K [0x00000007e5600000, 0x00000007e5d20000, 0x00000007ec8a0000)
  eden space 5888K,  19% used [0x00000007e5600000, 0x00000007e571f560, 0x00000007e5bc0000)
  from space 704K,   0% used [0x00000007e5bc0000, 0x00000007e5bc0000, 0x00000007e5c70000)
  to   space 704K,   0% used [0x00000007e5c70000, 0x00000007e5c70000, 0x00000007e5d20000)
 tenured generation   total 14656K, used 0K [0x00000007ec8a0000, 0x00000007ed6f0000, 0x00000007fae00000)
   the space 14656K,   0% used [0x00000007ec8a0000, 0x00000007ec8a0000, 0x00000007ec8a0200, 0x00000007ed6f0000)
 compacting perm gen  total 21248K, used 3324K [0x00000007fae00000, 0x00000007fc2c0000, 0x0000000800000000)
   the space 21248K,  15% used [0x00000007fae00000, 0x00000007fb13f038, 0x00000007fb13f200, 0x00000007fc2c0000)
No shared spaces configured.

Card table byte_map: [0x0000000105a00000,0x0000000105ad6000] byte_map_base: 0x0000000101ad5000

Polling page: 0x0000000102096000

Code Cache  [0x0000000102a00000, 0x0000000102c70000, 0x0000000105a00000)
 total_blobs=185 nmethods=2 adapters=144 free_code_cache=48765Kb largest_free_block=49920384

Compilation events (4 events):
Event: 0.392 Thread 0x00007fd3a2812000    1             java.lang.String::hashCode (55 bytes)
Event: 0.402 Thread 0x00007fd3a2812000 nmethod 1 0x0000000102a5f790 code [0x0000000102a5f8e0, 0x0000000102a5fa98]
Event: 0.696 Thread 0x00007fd3a3032000    2             sun.nio.cs.US_ASCII$Encoder::encode (107 bytes)
Event: 0.701 Thread 0x00007fd3a3032000 nmethod 2 0x0000000102a5e590 code [0x0000000102a5e700, 0x0000000102a5ea78]

GC Heap History (0 events):
No events

Deoptimization events (0 events):
No events

Internal exceptions (10 events):
Event: 0.405 Thread 0x00007fd3a2009000 Threw 0x00000007e56af0e8 at /HUDSON/workspace/jdk7u21-2-build-macosx-amd64-product/jdk7u21/hotspot/src/share/vm/prims/jvm.cpp:1166
Event: 0.408 Thread 0x00007fd3a2009000 Threw 0x00000007e56bd218 at /HUDSON/workspace/jdk7u21-2-build-macosx-amd64-product/jdk7u21/hotspot/src/share/vm/prims/jni.cpp:716
Event: 0.408 Thread 0x00007fd3a2009000 Threw 0x00000007e56bd338 at /HUDSON/workspace/jdk7u21-2-build-macosx-amd64-product/jdk7u21/hotspot/src/share/vm/prims/jvm.cpp:1166
Event: 0.408 Thread 0x00007fd3a2009000 Threw 0x00000007e56bd460 at /HUDSON/workspace/jdk7u21-2-build-macosx-amd64-product/jdk7u21/hotspot/src/share/vm/prims/jvm.cpp:1166
Event: 0.408 Thread 0x00007fd3a2009000 Threw 0x00000007e56bd6b0 at /HUDSON/workspace/jdk7u21-2-build-macosx-amd64-product/jdk7u21/hotspot/src/share/vm/prims/jvm.cpp:1166
Event: 0.471 Thread 0x00007fd3a2009000 Threw 0x00000007e56c9008 at /HUDSON/workspace/jdk7u21-2-build-macosx-amd64-product/jdk7u21/hotspot/src/share/vm/prims/jvm.cpp:1166
Event: 0.677 Thread 0x00007fd3a2009000 Threw 0x00000007e56edaf0 at /HUDSON/workspace/jdk7u21-2-build-macosx-amd64-product/jdk7u21/hotspot/src/share/vm/prims/jvm.cpp:1166
Event: 0.677 Thread 0x00007fd3a2009000 Threw 0x00000007e56edc18 at /HUDSON/workspace/jdk7u21-2-build-macosx-amd64-product/jdk7u21/hotspot/src/share/vm/prims/jvm.cpp:1166
Event: 0.711 Thread 0x00007fd3a2009000 Threw 0x00000007e56f8ad8 at /HUDSON/workspace/jdk7u21-2-build-macosx-amd64-product/jdk7u21/hotspot/src/share/vm/prims/jvm.cpp:1166
Event: 0.711 Thread 0x00007fd3a2009000 Threw 0x00000007e56f8c00 at /HUDSON/workspace/jdk7u21-2-build-macosx-amd64-product/jdk7u21/hotspot/src/share/vm/prims/jvm.cpp:1166

Events (10 events):
Event: 0.852 loading class 0x00007fd3a1d51de0
Event: 0.852 loading class 0x00007fd3a1d51de0 done
Event: 4.545 Executing VM operation: EnableBiasedLocking
Event: 4.545 Executing VM operation: EnableBiasedLocking done
Event: 116.480 Executing VM operation: ChangeBreakpoints
Event: 116.480 Executing VM operation: ChangeBreakpoints done
Event: 170.774 Executing VM operation: ChangeBreakpoints
Event: 170.774 Executing VM operation: ChangeBreakpoints done
Event: 257.219 Executing VM operation: RedefineClasses
Event: 257.224 Executing VM operation: RedefineClasses done


Dynamic libraries:
0x0000000005222000 	/System/Library/Frameworks/Cocoa.framework/Versions/A/Cocoa
0x0000000005222000 	/System/Library/Frameworks/Security.framework/Versions/A/Security
0x0000000005222000 	/System/Library/Frameworks/ApplicationServices.framework/Versions/A/ApplicationServices
0x0000000005222000 	/usr/lib/libz.1.dylib
0x0000000005222000 	/usr/lib/libSystem.B.dylib
0x0000000005222000 	/usr/lib/libobjc.A.dylib
0x0000000005222000 	/System/Library/Frameworks/CoreFoundation.framework/Versions/A/CoreFoundation
0x0000000005222000 	/System/Library/Frameworks/AppKit.framework/Versions/C/AppKit
0x0000000005222000 	/System/Library/Frameworks/CoreData.framework/Versions/A/CoreData
0x0000000005222000 	/System/Library/Frameworks/Foundation.framework/Versions/C/Foundation
0x0000000005222000 	/System/Library/PrivateFrameworks/RemoteViewServices.framework/Versions/A/RemoteViewServices
0x0000000005222000 	/System/Library/Frameworks/AudioToolbox.framework/Versions/A/AudioToolbox
0x0000000005222000 	/System/Library/Frameworks/AudioUnit.framework/Versions/A/AudioUnit
0x0000000005222000 	/System/Library/PrivateFrameworks/DataDetectorsCore.framework/Versions/A/DataDetectorsCore
0x0000000005222000 	/System/Library/PrivateFrameworks/DesktopServicesPriv.framework/Versions/A/DesktopServicesPriv
0x0000000005222000 	/System/Library/Frameworks/Carbon.framework/Versions/A/Frameworks/HIToolbox.framework/Versions/A/HIToolbox
0x0000000005222000 	/System/Library/Frameworks/QuartzCore.framework/Versions/A/QuartzCore
0x0000000005222000 	/System/Library/Frameworks/Carbon.framework/Versions/A/Frameworks/SpeechRecognition.framework/Versions/A/SpeechRecognition
0x0000000005222000 	/usr/lib/libauto.dylib
0x0000000005222000 	/usr/lib/libicucore.A.dylib
0x0000000005222000 	/usr/lib/libxml2.2.dylib
0x0000000005222000 	/System/Library/PrivateFrameworks/CoreUI.framework/Versions/A/CoreUI
0x0000000005222000 	/System/Library/Frameworks/CoreAudio.framework/Versions/A/CoreAudio
0x0000000005222000 	/System/Library/Frameworks/DiskArbitration.framework/Versions/A/DiskArbitration
0x0000000005222000 	/usr/lib/liblangid.dylib
0x0000000005222000 	/System/Library/PrivateFrameworks/MultitouchSupport.framework/Versions/A/MultitouchSupport
0x0000000005222000 	/System/Library/Frameworks/IOKit.framework/Versions/A/IOKit
0x0000000005222000 	/usr/lib/libDiagnosticMessagesClient.dylib
0x0000000005222000 	/System/Library/Frameworks/CoreServices.framework/Versions/A/CoreServices
0x0000000005222000 	/System/Library/PrivateFrameworks/PerformanceAnalysis.framework/Versions/A/PerformanceAnalysis
0x0000000005222000 	/System/Library/PrivateFrameworks/GenerationalStorage.framework/Versions/A/GenerationalStorage
0x0000000005222000 	/System/Library/Frameworks/OpenGL.framework/Versions/A/OpenGL
0x0000000005222000 	/System/Library/PrivateFrameworks/Sharing.framework/Versions/A/Sharing
0x0000000005222000 	/System/Library/Frameworks/ImageIO.framework/Versions/A/ImageIO
0x0000000005222000 	/System/Library/Frameworks/CoreText.framework/Versions/A/CoreText
0x0000000005222000 	/System/Library/Frameworks/CoreGraphics.framework/Versions/A/CoreGraphics
0x0000000005222000 	/System/Library/PrivateFrameworks/Backup.framework/Versions/A/Backup
0x0000000005222000 	/System/Library/Frameworks/CFNetwork.framework/Versions/A/CFNetwork
0x0000000005222000 	/System/Library/Frameworks/SystemConfiguration.framework/Versions/A/SystemConfiguration
0x0000000005222000 	/usr/lib/libCRFSuite.dylib
0x0000000005222000 	/usr/lib/libc++.1.dylib
0x0000000005222000 	/usr/lib/libc++abi.dylib
0x0000000005222000 	/usr/lib/system/libcache.dylib
0x0000000005222000 	/usr/lib/system/libcommonCrypto.dylib
0x0000000005222000 	/usr/lib/system/libcompiler_rt.dylib
0x0000000005222000 	/usr/lib/system/libcopyfile.dylib
0x0000000005222000 	/usr/lib/system/libcorecrypto.dylib
0x0000000005222000 	/usr/lib/system/libdispatch.dylib
0x0000000005222000 	/usr/lib/system/libdyld.dylib
0x0000000005222000 	/usr/lib/system/libkeymgr.dylib
0x0000000005222000 	/usr/lib/system/liblaunch.dylib
0x0000000005222000 	/usr/lib/system/libmacho.dylib
0x0000000005222000 	/usr/lib/system/libquarantine.dylib
0x0000000005222000 	/usr/lib/system/libremovefile.dylib
0x0000000005222000 	/usr/lib/system/libsystem_asl.dylib
0x0000000005222000 	/usr/lib/system/libsystem_blocks.dylib
0x0000000005222000 	/usr/lib/system/libsystem_c.dylib
0x0000000005222000 	/usr/lib/system/libsystem_configuration.dylib
0x0000000005222000 	/usr/lib/system/libsystem_dnssd.dylib
0x0000000005222000 	/usr/lib/system/libsystem_info.dylib
0x0000000005222000 	/usr/lib/system/libsystem_kernel.dylib
0x0000000005222000 	/usr/lib/system/libsystem_m.dylib
0x0000000005222000 	/usr/lib/system/libsystem_malloc.dylib
0x0000000005222000 	/usr/lib/system/libsystem_network.dylib
0x0000000005222000 	/usr/lib/system/libsystem_notify.dylib
0x0000000005222000 	/usr/lib/system/libsystem_platform.dylib
0x0000000005222000 	/usr/lib/system/libsystem_pthread.dylib
0x0000000005222000 	/usr/lib/system/libsystem_sandbox.dylib
0x0000000005222000 	/usr/lib/system/libsystem_stats.dylib
0x0000000005222000 	/usr/lib/system/libunc.dylib
0x0000000005222000 	/usr/lib/system/libunwind.dylib
0x0000000005222000 	/usr/lib/system/libxpc.dylib
0x0000000005222000 	/usr/lib/libbsm.0.dylib
0x0000000005222000 	/usr/lib/libsqlite3.dylib
0x0000000005222000 	/usr/lib/libxar.1.dylib
0x0000000005222000 	/usr/lib/libpam.2.dylib
0x0000000005222000 	/usr/lib/libOpenScriptingUtil.dylib
0x0000000005222000 	/usr/lib/libbz2.1.0.dylib
0x0000000005222000 	/System/Library/Frameworks/CoreServices.framework/Versions/A/Frameworks/CarbonCore.framework/Versions/A/CarbonCore
0x0000000005222000 	/System/Library/Frameworks/CoreServices.framework/Versions/A/Frameworks/Metadata.framework/Versions/A/Metadata
0x0000000005222000 	/System/Library/Frameworks/CoreServices.framework/Versions/A/Frameworks/OSServices.framework/Versions/A/OSServices
0x0000000005222000 	/System/Library/Frameworks/CoreServices.framework/Versions/A/Frameworks/SearchKit.framework/Versions/A/SearchKit
0x0000000005222000 	/System/Library/Frameworks/CoreServices.framework/Versions/A/Frameworks/AE.framework/Versions/A/AE
0x0000000005222000 	/System/Library/Frameworks/CoreServices.framework/Versions/A/Frameworks/LaunchServices.framework/Versions/A/LaunchServices
0x0000000005222000 	/System/Library/Frameworks/CoreServices.framework/Versions/A/Frameworks/DictionaryServices.framework/Versions/A/DictionaryServices
0x0000000005222000 	/System/Library/Frameworks/NetFS.framework/Versions/A/NetFS
0x0000000005222000 	/usr/lib/system/libkxld.dylib
0x0000000005222000 	/System/Library/PrivateFrameworks/NetAuth.framework/Versions/A/NetAuth
0x0000000005222000 	/System/Library/PrivateFrameworks/TCC.framework/Versions/A/TCC
0x0000000005222000 	/System/Library/Frameworks/OpenDirectory.framework/Versions/A/Frameworks/CFOpenDirectory.framework/Versions/A/CFOpenDirectory
0x0000000005222000 	/System/Library/Frameworks/ServiceManagement.framework/Versions/A/ServiceManagement
0x0000000005222000 	/usr/lib/libxslt.1.dylib
0x0000000005222000 	/System/Library/Frameworks/Carbon.framework/Versions/A/Frameworks/Ink.framework/Versions/A/Ink
0x0000000005222000 	/System/Library/Frameworks/ApplicationServices.framework/Versions/A/Frameworks/ATS.framework/Versions/A/ATS
0x0000000005222000 	/System/Library/Frameworks/ApplicationServices.framework/Versions/A/Frameworks/ColorSync.framework/Versions/A/ColorSync
0x0000000005222000 	/System/Library/Frameworks/ApplicationServices.framework/Versions/A/Frameworks/HIServices.framework/Versions/A/HIServices
0x0000000005222000 	/System/Library/Frameworks/ApplicationServices.framework/Versions/A/Frameworks/LangAnalysis.framework/Versions/A/LangAnalysis
0x0000000005222000 	/System/Library/Frameworks/ApplicationServices.framework/Versions/A/Frameworks/PrintCore.framework/Versions/A/PrintCore
0x0000000005222000 	/System/Library/Frameworks/ApplicationServices.framework/Versions/A/Frameworks/QD.framework/Versions/A/QD
0x0000000005222000 	/System/Library/Frameworks/ApplicationServices.framework/Versions/A/Frameworks/SpeechSynthesis.framework/Versions/A/SpeechSynthesis
0x0000000005222000 	/System/Library/Frameworks/IOSurface.framework/Versions/A/IOSurface
0x0000000005222000 	/System/Library/Frameworks/Accelerate.framework/Versions/A/Accelerate
0x0000000005222000 	/System/Library/Frameworks/Accelerate.framework/Versions/A/Frameworks/vImage.framework/Versions/A/vImage
0x0000000005222000 	/System/Library/Frameworks/Accelerate.framework/Versions/A/Frameworks/vecLib.framework/Versions/A/vecLib
0x0000000005222000 	/System/Library/Frameworks/Accelerate.framework/Versions/A/Frameworks/vecLib.framework/Versions/A/libvDSP.dylib
0x0000000005222000 	/System/Library/Frameworks/Accelerate.framework/Versions/A/Frameworks/vecLib.framework/Versions/A/libvMisc.dylib
0x0000000005222000 	/System/Library/Frameworks/Accelerate.framework/Versions/A/Frameworks/vecLib.framework/Versions/A/libLAPACK.dylib
0x0000000005222000 	/System/Library/Frameworks/Accelerate.framework/Versions/A/Frameworks/vecLib.framework/Versions/A/libBLAS.dylib
0x0000000005222000 	/System/Library/Frameworks/ApplicationServices.framework/Versions/A/Frameworks/ATS.framework/Versions/A/Resources/libFontParser.dylib
0x0000000005222000 	/System/Library/Frameworks/ApplicationServices.framework/Versions/A/Frameworks/ATS.framework/Versions/A/Resources/libFontRegistry.dylib
0x0000000005222000 	/System/Library/Frameworks/ImageIO.framework/Versions/A/Resources/libJPEG.dylib
0x0000000005222000 	/System/Library/Frameworks/ImageIO.framework/Versions/A/Resources/libTIFF.dylib
0x0000000005222000 	/System/Library/Frameworks/ImageIO.framework/Versions/A/Resources/libPng.dylib
0x0000000005222000 	/System/Library/Frameworks/ImageIO.framework/Versions/A/Resources/libGIF.dylib
0x0000000005222000 	/System/Library/Frameworks/ImageIO.framework/Versions/A/Resources/libJP2.dylib
0x0000000005222000 	/System/Library/Frameworks/ImageIO.framework/Versions/A/Resources/libRadiance.dylib
0x0000000005222000 	/usr/lib/libcups.2.dylib
0x0000000005222000 	/System/Library/Frameworks/Kerberos.framework/Versions/A/Kerberos
0x0000000005222000 	/System/Library/Frameworks/GSS.framework/Versions/A/GSS
0x0000000005222000 	/usr/lib/libresolv.9.dylib
0x0000000005222000 	/usr/lib/libiconv.2.dylib
0x0000000005222000 	/System/Library/PrivateFrameworks/Heimdal.framework/Versions/A/Heimdal
0x0000000005222000 	/System/Library/PrivateFrameworks/TrustEvaluationAgent.framework/Versions/A/TrustEvaluationAgent
0x0000000005222000 	/usr/lib/libheimdal-asn1.dylib
0x0000000005222000 	/System/Library/Frameworks/OpenDirectory.framework/Versions/A/OpenDirectory
0x0000000005222000 	/System/Library/PrivateFrameworks/CommonAuth.framework/Versions/A/CommonAuth
0x0000000005222000 	/System/Library/Frameworks/SecurityFoundation.framework/Versions/A/SecurityFoundation
0x0000000005222000 	/System/Library/PrivateFrameworks/Bom.framework/Versions/A/Bom
0x0000000005222000 	/System/Library/Frameworks/CoreVideo.framework/Versions/A/CoreVideo
0x0000000005222000 	/System/Library/Frameworks/QuartzCore.framework/Versions/A/Frameworks/CoreImage.framework/Versions/A/CoreImage
0x0000000005222000 	/System/Library/Frameworks/QuartzCore.framework/Versions/A/Frameworks/ScalableUserInterface.framework/Versions/A/ScalableUserInterface
0x0000000005222000 	/System/Library/Frameworks/OpenGL.framework/Versions/A/Libraries/libGLU.dylib
0x0000000005222000 	/System/Library/Frameworks/OpenGL.framework/Versions/A/Libraries/libGFXShared.dylib
0x0000000005222000 	/System/Library/Frameworks/OpenGL.framework/Versions/A/Libraries/libGL.dylib
0x0000000005222000 	/System/Library/Frameworks/OpenGL.framework/Versions/A/Libraries/libGLImage.dylib
0x0000000005222000 	/System/Library/Frameworks/OpenGL.framework/Versions/A/Libraries/libCVMSPluginSupport.dylib
0x0000000005222000 	/System/Library/Frameworks/OpenGL.framework/Versions/A/Libraries/libCoreVMClient.dylib
0x0000000005222000 	/System/Library/PrivateFrameworks/FaceCore.framework/Versions/A/FaceCore
0x0000000005222000 	/System/Library/PrivateFrameworks/CrashReporterSupport.framework/Versions/A/CrashReporterSupport
0x0000000005222000 	/System/Library/Frameworks/OpenCL.framework/Versions/A/OpenCL
0x0000000005222000 	/System/Library/PrivateFrameworks/AppleFSCompression.framework/Versions/A/AppleFSCompression
0x0000000005222000 	/System/Library/PrivateFrameworks/Ubiquity.framework/Versions/A/Ubiquity
0x0000000005222000 	/System/Library/PrivateFrameworks/IconServices.framework/Versions/A/IconServices
0x0000000005222000 	/System/Library/PrivateFrameworks/ChunkingLibrary.framework/Versions/A/ChunkingLibrary
0x0000000005222000 	/System/Library/PrivateFrameworks/CoreSymbolication.framework/Versions/A/CoreSymbolication
0x0000000005222000 	/System/Library/PrivateFrameworks/Symbolication.framework/Versions/A/Symbolication
0x0000000005222000 	/System/Library/PrivateFrameworks/DebugSymbols.framework/Versions/A/DebugSymbols
0x00000001014ad000 	/Library/Java/JavaVirtualMachines/jdk1.7.0_21.jdk/Contents/Home/jre/lib/server/libjvm.dylib
0x0000000005222000 	/usr/lib/libstdc++.6.dylib
0x0000000102059000 	/Library/Java/JavaVirtualMachines/jdk1.7.0_21.jdk/Contents/Home/jre/lib/libverify.dylib
0x0000000102066000 	/Library/Java/JavaVirtualMachines/jdk1.7.0_21.jdk/Contents/Home/jre/lib/libjava.dylib
0x0000000102097000 	/Library/Java/JavaVirtualMachines/jdk1.7.0_21.jdk/Contents/Home/jre/lib/libjdwp.dylib
0x00000001020d4000 	/Library/Java/JavaVirtualMachines/jdk1.7.0_21.jdk/Contents/Home/jre/lib/./libnpt.dylib
0x00000001020f7000 	/Library/Java/JavaVirtualMachines/jdk1.7.0_21.jdk/Contents/Home/jre/lib/libzip.dylib
0x00000001060d5000 	/System/Library/Frameworks/JavaVM.framework/Frameworks/JavaRuntimeSupport.framework/JavaRuntimeSupport
0x00000001021eb000 	/System/Library/Frameworks/JavaVM.framework/Versions/A/Frameworks/JavaNativeFoundation.framework/Versions/A/JavaNativeFoundation
0x00000001060ed000 	/System/Library/Frameworks/JavaVM.framework/Versions/A/JavaVM
0x0000000005222000 	/System/Library/Frameworks/Carbon.framework/Versions/A/Carbon
0x00000001060fa000 	/System/Library/PrivateFrameworks/JavaLaunching.framework/Versions/A/JavaLaunching
0x0000000005222000 	/System/Library/Frameworks/Carbon.framework/Versions/A/Frameworks/CommonPanels.framework/Versions/A/CommonPanels
0x0000000005222000 	/System/Library/Frameworks/Carbon.framework/Versions/A/Frameworks/Help.framework/Versions/A/Help
0x0000000005222000 	/System/Library/Frameworks/Carbon.framework/Versions/A/Frameworks/ImageCapture.framework/Versions/A/ImageCapture
0x0000000005222000 	/System/Library/Frameworks/Carbon.framework/Versions/A/Frameworks/OpenScripting.framework/Versions/A/OpenScripting
0x0000000005222000 	/System/Library/Frameworks/Carbon.framework/Versions/A/Frameworks/Print.framework/Versions/A/Print
0x0000000005222000 	/System/Library/Frameworks/Carbon.framework/Versions/A/Frameworks/SecurityHI.framework/Versions/A/SecurityHI
0x0000000106394000 	/Library/Java/JavaVirtualMachines/jdk1.7.0_21.jdk/Contents/Home/jre/lib/libdt_socket.dylib

VM Arguments:
jvm_args: -agentlib:jdwp=transport=dt_socket,suspend=y,address=localhost:51805 -Dfile.encoding=US-ASCII 
java_command: Cryptosystem
Launcher Type: SUN_STANDARD

Environment Variables:
PATH=/usr/bin:/bin:/usr/sbin:/sbin
SHELL=/bin/bash
DISPLAY=/tmp/launch-5lVCAV/org.macosforge.xquartz:0

Signal Handlers:
SIGSEGV: [libjvm.dylib+0x4a4e2d], sa_mask[0]=0xfffefeff, sa_flags=0x00000042
SIGBUS: [libjvm.dylib+0x4a4e2d], sa_mask[0]=0xfffefeff, sa_flags=0x00000042
SIGFPE: [libjvm.dylib+0x3b4729], sa_mask[0]=0xfffefeff, sa_flags=0x00000042
SIGPIPE: [libjvm.dylib+0x3b4729], sa_mask[0]=0xfffefeff, sa_flags=0x00000042
SIGXFSZ: [libjvm.dylib+0x3b4729], sa_mask[0]=0xfffefeff, sa_flags=0x00000042
SIGILL: [libjvm.dylib+0x3b4729], sa_mask[0]=0xfffefeff, sa_flags=0x00000042
SIGUSR1: SIG_DFL, sa_mask[0]=0x00000000, sa_flags=0x00000002
SIGUSR2: [libjvm.dylib+0x3b42c2], sa_mask[0]=0x00000004, sa_flags=0x00000042
SIGHUP: [libjvm.dylib+0x3b2523], sa_mask[0]=0xfffefeff, sa_flags=0x00000042
SIGINT: [libjvm.dylib+0x3b2523], sa_mask[0]=0xfffefeff, sa_flags=0x00000042
SIGTERM: [libjvm.dylib+0x3b2523], sa_mask[0]=0xfffefeff, sa_flags=0x00000042
SIGQUIT: [libjvm.dylib+0x3b2523], sa_mask[0]=0xfffefeff, sa_flags=0x00000042


---------------  S Y S T E M  ---------------

OS:Bsduname:Darwin 13.0.0 Darwin Kernel Version 13.0.0: Thu Sep 19 22:22:27 PDT 2013; root:xnu-2422.1.72~6/RELEASE_X86_64 x86_64
rlimit: STACK 8192k, CORE 0k, NPROC 709, NOFILE 10240, AS infinity
load average:31.06 29.65 29.59

CPU:total 4 (2 cores per cpu, 2 threads per core) family 6 model 58 stepping 9, cmov, cx8, fxsr, mmx, sse, sse2, sse3, ssse3, sse4.1, sse4.2, popcnt, avx, ht, tsc, tscinvbit, tscinv

Memory: 4k page, physical 1402312k(350578k free)

/proc/meminfo:


vm_info: Java HotSpot(TM) 64-Bit Server VM (23.21-b01) for bsd-amd64 JRE (1.7.0_21-b12), built on Apr  7 2013 14:55:50 by "java_re" with gcc 4.2.1 (Based on Apple Inc. build 5658) (LLVM build 2336.11.00)

time: Sun Jan 26 17:54:19 2014
elapsed time: 257 seconds

